\BOOKMARK [1][-]{section.1}{Introduction}{}% 1
\BOOKMARK [2][-]{subsection.1.1}{Research Backgrounds}{section.1}% 2
\BOOKMARK [2][-]{subsection.1.2}{Early Experiments}{section.1}% 3
\BOOKMARK [1][-]{section.2}{Neutrino Flavor Mixing and Conversion}{}% 4
\BOOKMARK [2][-]{subsection.2.1}{SNO and Super-Kamiokande}{section.2}% 5
\BOOKMARK [2][-]{subsection.2.2}{Flavor Mixing Matrix and Oscillation Probability}{section.2}% 6
\BOOKMARK [2][-]{subsection.2.3}{Matter Effects}{section.2}% 7
\BOOKMARK [2][-]{subsection.2.4}{Three-flavor mixing}{section.2}% 8
\BOOKMARK [2][-]{subsection.2.5}{Experimental Aspects for Mixing Parameters}{section.2}% 9
\BOOKMARK [1][-]{section.3}{Double Beta Decay}{}% 10
\BOOKMARK [2][-]{subsection.3.1}{Status of Double Beta Decay Experiments}{section.3}% 11
\BOOKMARK [1][-]{section.4}{SNO+ Experiment}{}% 12
\BOOKMARK [1][-]{section.5}{My Work on SNO+}{}% 13
\BOOKMARK [2][-]{subsection.5.1}{Wavelength Shifter \(WLS\) Study}{section.5}% 14
\BOOKMARK [1][-]{section.6}{Reconstruction for SNO+ Water Phase}{}% 15
\BOOKMARK [1][-]{section.7}{Testing the MPW Fitter with SNO+ 16N Calibration}{}% 16
\BOOKMARK [2][-]{subsection.7.1}{Fitter Performances}{section.7}% 17
\BOOKMARK [1][-]{section.8}{SNO+ Partial-fill Reconstruction}{}% 18
\BOOKMARK [2][-]{subsection.8.1}{MultiPath Partial Fitter}{section.8}% 19
\BOOKMARK [1][-]{section.9}{Plan for Thesis Research}{}% 20
